2023-08-20 12:23:19,841 - INFO - INFO: Translations loaded for fr
2023-08-20 12:23:19,842 - INFO - INFO: Translations loaded for en
2023-08-20 12:23:19,842 - INFO - INFO: Translations loaded for de
2023-08-20 12:23:41,108 - INFO - 4 changes detected
2023-08-20 12:23:42,451 - INFO - 7 changes detected
2023-08-20 12:23:58,931 - INFO - 1 change detected
2023-08-20 12:24:07,530 - INFO - 11 changes detected
2023-08-20 12:24:09,153 - INFO - 7 changes detected
2023-08-20 12:24:14,965 - INFO - 2 changes detected
2023-08-20 12:24:28,135 - INFO - 1 change detected
2023-08-20 12:24:29,702 - INFO - 1 change detected
2023-08-20 12:24:43,530 - INFO - 1 change detected
2023-08-20 12:24:47,762 - INFO - 4 changes detected
2023-08-20 12:24:48,810 - INFO - 1 change detected
2023-08-20 12:24:49,950 - INFO - 6 changes detected
2023-08-20 12:25:01,561 - INFO - 1 change detected
2023-08-20 12:25:04,248 - INFO - 4 changes detected
2023-08-20 12:25:04,634 - INFO - 1 change detected
2023-08-20 12:25:05,772 - INFO - 7 changes detected
2023-08-20 12:25:06,970 - INFO - 1 change detected
2023-08-20 12:25:11,830 - INFO - 4 changes detected
2023-08-20 12:25:12,763 - INFO - 1 change detected
2023-08-20 12:25:13,882 - INFO - 6 changes detected
2023-08-20 12:25:14,393 - INFO - 1 change detected
2023-08-20 12:25:18,561 - INFO - 1 change detected
2023-08-20 12:25:22,474 - INFO - 1 change detected
2023-08-20 12:25:24,668 - INFO - 1 change detected
2023-08-20 12:25:30,358 - INFO - 1 change detected
2023-08-20 12:25:31,556 - INFO - 1 change detected
2023-08-20 12:25:34,669 - INFO - 1 change detected
2023-08-20 12:25:36,610 - INFO - 1 change detected
2023-08-20 12:25:38,433 - INFO - 330 changes detected
2023-08-20 12:25:48,681 - INFO - Translations loaded for fr
2023-08-20 12:25:48,681 - INFO - Translations loaded for en
2023-08-20 12:25:48,682 - INFO - Translations loaded for de
2023-08-20 12:28:55,891 - INFO - 4 changes detected
2023-08-20 12:28:56,949 - INFO - 1 change detected
2023-08-20 12:28:58,030 - INFO - 6 changes detected
2023-08-20 12:28:58,540 - INFO - 1 change detected
2023-08-20 12:28:58,927 - INFO - 1 change detected
2023-08-20 12:29:15,266 - INFO - 1 change detected
2023-08-20 12:29:45,051 - INFO - 1 change detected
2023-08-20 12:29:48,233 - INFO - 4 changes detected
2023-08-20 12:29:48,626 - INFO - 7 changes detected
2023-08-20 12:29:49,386 - INFO - 7 changes detected
2023-08-20 12:29:54,118 - INFO - 2 changes detected
2023-08-20 12:29:57,661 - INFO - 11 changes detected
2023-08-20 12:29:58,732 - INFO - 1 change detected
2023-08-20 12:29:59,833 - INFO - 7 changes detected
2023-08-20 12:30:08,681 - INFO - 2 changes detected
2023-08-20 12:30:11,429 - INFO - 1 change detected
2023-08-20 12:30:28,947 - INFO - 11 changes detected
2023-08-20 12:30:29,961 - INFO - 1 change detected
2023-08-20 12:30:31,050 - INFO - 7 changes detected
2023-08-20 12:30:40,214 - INFO - 2 changes detected
2023-08-20 12:30:41,787 - INFO - 1 change detected
2023-08-20 12:30:43,452 - INFO - Translations loaded for fr
2023-08-20 12:30:43,453 - ERROR -  ERR Translations loaded for fr
2023-08-20 12:30:43,453 - WARNING -  WARN Translations loaded for fr
2023-08-20 12:30:43,453 - INFO - Translations loaded for en
2023-08-20 12:30:43,453 - ERROR -  ERR Translations loaded for en
2023-08-20 12:30:43,454 - WARNING -  WARN Translations loaded for en
2023-08-20 12:30:43,454 - INFO - Translations loaded for de
2023-08-20 12:30:43,454 - ERROR -  ERR Translations loaded for de
2023-08-20 12:30:43,454 - WARNING -  WARN Translations loaded for de
2023-08-20 12:30:43,536 - INFO - 1 change detected
2023-08-20 12:30:44,097 - INFO - 1 change detected
2023-08-20 12:30:44,112 - INFO - 1 change detected
2023-08-20 12:30:44,487 - INFO - 1 change detected
2023-08-20 12:30:44,503 - INFO - 1 change detected
2023-08-20 12:30:58,949 - INFO - 1 change detected
2023-08-20 12:30:58,965 - INFO - 1 change detected
2023-08-20 12:31:02,636 - INFO - 1 change detected
2023-08-20 12:31:02,651 - INFO - 1 change detected
2023-08-20 12:31:56,931 - INFO - 1 change detected
2023-08-20 12:31:56,946 - INFO - 1 change detected
2023-08-20 12:32:05,978 - INFO - 4 changes detected
2023-08-20 12:32:05,993 - INFO - 4 changes detected
2023-08-20 12:32:07,016 - INFO - 9 changes detected
2023-08-20 12:32:09,313 - INFO - Translations loaded for fr
2023-08-20 12:32:09,313 - ERROR -  ERR Translations loaded for fr
2023-08-20 12:32:09,313 - WARNING -  WARN Translations loaded for fr
2023-08-20 12:32:09,313 - INFO - Translations loaded for en
2023-08-20 12:32:09,314 - ERROR -  ERR Translations loaded for en
2023-08-20 12:32:09,314 - WARNING -  WARN Translations loaded for en
2023-08-20 12:32:09,314 - INFO - Translations loaded for de
2023-08-20 12:32:09,314 - ERROR -  ERR Translations loaded for de
2023-08-20 12:32:09,315 - WARNING -  WARN Translations loaded for de
2023-08-20 12:32:12,573 - INFO - 1 change detected
2023-08-20 12:32:20,927 - INFO - 11 changes detected
2023-08-20 12:32:22,414 - INFO - 7 changes detected
2023-08-20 12:32:26,809 - INFO - Translations loaded for fr
2023-08-20 12:32:26,810 - ERROR -  ERR Translations loaded for fr
2023-08-20 12:32:26,810 - WARNING -  WARN Translations loaded for fr
2023-08-20 12:32:26,810 - INFO - Translations loaded for en
2023-08-20 12:32:26,810 - ERROR -  ERR Translations loaded for en
2023-08-20 12:32:26,810 - WARNING -  WARN Translations loaded for en
2023-08-20 12:32:26,811 - INFO - Translations loaded for de
2023-08-20 12:32:26,811 - ERROR -  ERR Translations loaded for de
2023-08-20 12:32:26,811 - WARNING -  WARN Translations loaded for de
2023-08-20 12:34:16,463 - INFO - 11 changes detected
2023-08-20 12:34:18,193 - INFO - 6 changes detected
2023-08-20 12:38:05,393 - INFO - Translations loaded for fr
2023-08-20 12:38:05,393 - ERROR -  ERR Translations loaded for fr
2023-08-20 12:38:05,393 - WARNING -  WARN Translations loaded for fr
2023-08-20 12:38:05,394 - INFO - Translations loaded for en
2023-08-20 12:38:05,394 - ERROR -  ERR Translations loaded for en
2023-08-20 12:38:05,394 - WARNING -  WARN Translations loaded for en
2023-08-20 12:38:05,394 - INFO - Translations loaded for de
2023-08-20 12:38:05,395 - ERROR -  ERR Translations loaded for de
2023-08-20 12:38:05,395 - WARNING -  WARN Translations loaded for de
2023-08-20 12:38:10,823 - INFO - 11 changes detected
2023-08-20 12:38:12,641 - INFO - 7 changes detected
2023-08-20 12:38:16,077 - INFO - 2 changes detected
2023-08-20 12:38:19,576 - INFO - 11 changes detected
2023-08-20 12:38:21,352 - INFO - 7 changes detected
2023-08-20 12:38:25,157 - INFO - Translations loaded for fr
2023-08-20 12:38:25,158 - INFO - Translations loaded for en
2023-08-20 12:38:25,158 - INFO - Translations loaded for de
2023-08-20 12:38:31,104 - INFO - 1 change detected
2023-08-20 12:38:53,580 - INFO - 7 changes detected
2023-08-20 12:39:03,993 - INFO - 11 changes detected
2023-08-20 12:39:05,095 - INFO - 1 change detected
2023-08-20 12:39:05,719 - INFO - 6 changes detected
